09/27/2013 07:26:18 INICIANDO...
09/27/2013 07:26:18 1.3.5.0
09/27/2013 07:26:18 Usuário: Mario
09/27/2013 07:26:19 Verificando se Mozilla Firefox está instalado...
09/27/2013 07:26:19 Mozilla Firefox instalado.
09/27/2013 07:26:19 [Funcionamento do Serviço] Verificando...
09/27/2013 07:26:19 [Funcionamento do Serviço] Serviço não existente, será corrigido na instalação do plugin.
09/27/2013 07:26:19 [Funcionamento do Serviço] Ok.
09/27/2013 07:26:19 [Instalação de certificados raíz] Verificando...
09/27/2013 07:26:19 [Instalação de certificados raíz] Efetuando download do instalador...
09/27/2013 07:26:21 [Instalação de certificados raíz] Instalando...
09/27/2013 07:26:21 [Instalação de certificados raíz] Ok.
09/27/2013 07:26:21 [Permissões dos arquivos do StormFish] Verificando...
09/27/2013 07:26:21 [Permissões dos arquivos do StormFish] Ok.
09/27/2013 07:26:21 [Instalação do StormFish] Verificando...
09/27/2013 07:26:21 [Instalação do StormFish] Efetuando download do instalador...
09/27/2013 07:26:27 [Instalação do StormFish] Instalando...
09/27/2013 07:26:49 [Instalação do StormFish] Ok.
09/27/2013 07:26:49 [Permissões dos arquivos do Plugin] Verificando...
09/27/2013 07:26:49 [Permissões dos arquivos do Plugin] Ok.
09/27/2013 07:26:49 [Limpeza do cache no Internet Explorer] Verificando...
09/27/2013 07:26:51 [Limpeza do cache no Internet Explorer] Limpando...
09/27/2013 07:26:51 [Limpeza do cache no Internet Explorer] Ok.
09/27/2013 07:26:51 [Instalação do Plugin no Internet Explorer] Verificando...
09/27/2013 07:26:51 [Instalação do Plugin no Internet Explorer] Efetuando download do instalador...
09/27/2013 07:26:57 [Instalação do Plugin no Internet Explorer] Instalando...
09/27/2013 07:27:57 [Instalação do Plugin no Internet Explorer] Ok.
09/27/2013 07:27:57 [Ativação ActiveX no Internet Explorer] Verificando...
09/27/2013 07:27:57 [Ativação ActiveX no Internet Explorer] Ok.
09/27/2013 07:27:57 [Sites confiáveis no Internet Explorer] Verificando url(s) dos domínios confiáveis...
09/27/2013 07:27:57 [Sites confiáveis no Internet Explorer] Ok.
09/27/2013 07:27:57 [Ativação do Plugin no Internet Explorer] Verificando...
09/27/2013 07:27:57 [Ativação do Plugin no Internet Explorer] Ok.
09/27/2013 07:27:57 [Limpeza do cache no Mozilla Firefox] Verificando...
09/27/2013 07:27:58 [Limpeza do cache no Mozilla Firefox] Limpando...
09/27/2013 07:27:58 [Limpeza do cache no Mozilla Firefox] Ok.
09/27/2013 07:27:58 [Sites confiáveis no Mozilla Firefox] Verificando url(s) dos domínios confiáveis...
09/27/2013 07:27:59 [Sites confiáveis no Mozilla Firefox] Ok.
09/27/2013 07:27:59 [Segurança no Mozilla Firefox] Verificando...
09/27/2013 07:27:59 [Segurança no Mozilla Firefox] Restaurando para o padrão...
09/27/2013 07:27:59 [Segurança no Mozilla Firefox] Ok.
09/27/2013 07:27:59 [Ativação Plugin no Mozilla Firefox] Verificando...
09/27/2013 07:27:59 [Ativação Plugin no Mozilla Firefox] Está desabilitado, habilitando...
09/27/2013 07:27:59 [Ativação Plugin no Mozilla Firefox] Ok.
09/27/2013 07:27:59 [Ativação do Plugin no Google Chrome] Verificando...
09/27/2013 07:28:00 [Ativação do Plugin no Google Chrome] Instalação será finalizada quando o navegador for aberto.
09/27/2013 07:28:00 CONCLUÍDO.
